<?xml version="1.0" encoding="UTF-8" ?>
<testsuite tests="2" failures="0" name="cucumber.options.TestRunner" time="6.819" errors="1" skipped="0">
  <properties>
[...]
</properties>
  <testcase classname="Validating Place API&apos;s" name="Verify if Place is being Succesfully added using AddPlaceAPI" time="6.063"/>
  <testcase classname="Validating Place API&apos;s" name="Verify if Delete Place functionality is working" time="0.756">
    <error message="No enum constant Resources.AddResource.DeletePlaceAPI" type="java.lang.IllegalArgumentException">java.lang.IllegalArgumentException: No enum constant Resources.AddResource.DeletePlaceAPI
	at java.base/java.lang.Enum.valueOf(Enum.java:240)
	at Resources.AddResource.valueOf(AddResource.java:3)
	at Stepdefination.stepDefination.user_calls_something_with_something_http_request(stepDefination.java:48)
	at Stepdefination.stepDefination.verify_placeid_created_maps_to_something_using_something(stepDefination.java:83)
	at Stepdefination.Hooks.deleteAPI(Hooks.java:18)
</error>
    <system-out>/maps/api/place/add/json
62b90b6f8bd3d20ec7a0b037d0c9a309
</system-out>
  </testcase>
</testsuite>